c:\users\michael\desktop\coursework\coursework\debug\vc120.pdb
c:\users\michael\desktop\coursework\coursework\debug\vc120.idb
c:\users\michael\desktop\coursework\coursework\debug\cinputmgr.obj
c:\users\michael\desktop\coursework\coursework\debug\claser.obj
c:\users\michael\desktop\coursework\coursework\debug\clight.obj
c:\users\michael\desktop\coursework\coursework\debug\cmaterial.obj
c:\users\michael\desktop\coursework\coursework\debug\cmodel.obj
c:\users\michael\desktop\coursework\coursework\debug\cmodelloader.obj
c:\users\michael\desktop\coursework\coursework\debug\cplayer.obj
c:\users\michael\desktop\coursework\coursework\debug\cpyramid.obj
c:\users\michael\desktop\coursework\coursework\debug\cshapes.obj
c:\users\michael\desktop\coursework\coursework\debug\csound.obj
c:\users\michael\desktop\coursework\coursework\debug\csoundmgr.obj
c:\users\michael\desktop\coursework\coursework\debug\csphere.obj
c:\users\michael\desktop\coursework\coursework\debug\cstarfield.obj
c:\users\michael\desktop\coursework\coursework\debug\ctexture.obj
c:\users\michael\desktop\coursework\coursework\debug\ctriangle.obj
c:\users\michael\desktop\coursework\coursework\debug\cwndmanager.obj
c:\users\michael\desktop\coursework\coursework\debug\gameconstants.obj
c:\users\michael\desktop\coursework\coursework\debug\studentmain.obj
c:\users\michael\desktop\coursework\coursework\debug\tardiswarsgame.obj
c:\users\michael\desktop\coursework\coursework\debug\windowogl.obj
c:\users\michael\desktop\coursework\coursework\debug\ccamera.obj
c:\users\michael\desktop\coursework\coursework\debug\ccolours.obj
c:\users\michael\desktop\coursework\coursework\debug\ccube.obj
c:\users\michael\desktop\coursework\coursework\debug\cenemy.obj
c:\users\michael\desktop\coursework\coursework\debug\cfont.obj
c:\users\michael\desktop\coursework\coursework\debug\cfontmgr.obj
c:\users\michael\desktop\coursework\debug\coursework.ilk
c:\users\michael\desktop\coursework\debug\coursework.exe
c:\users\michael\desktop\coursework\debug\coursework.pdb
c:\users\mmarti205\desktop\coursework\coursework\coursework\debug\ccamera.obj
c:\users\mmarti205\desktop\coursework\coursework\coursework\debug\ccolours.obj
c:\users\mmarti205\desktop\coursework\coursework\coursework\debug\ccube.obj
c:\users\mmarti205\desktop\coursework\coursework\coursework\debug\cenemy.obj
c:\users\mmarti205\desktop\coursework\coursework\coursework\debug\cfont.obj
c:\users\mmarti205\desktop\coursework\coursework\coursework\debug\cfontmgr.obj
c:\users\mmarti205\desktop\coursework\coursework\coursework\debug\cinputmgr.obj
c:\users\mmarti205\desktop\coursework\coursework\coursework\debug\claser.obj
c:\users\mmarti205\desktop\coursework\coursework\coursework\debug\clight.obj
c:\users\mmarti205\desktop\coursework\coursework\coursework\debug\cmaterial.obj
c:\users\mmarti205\desktop\coursework\coursework\coursework\debug\cmodel.obj
c:\users\mmarti205\desktop\coursework\coursework\coursework\debug\cmodelloader.obj
c:\users\mmarti205\desktop\coursework\coursework\coursework\debug\cplayer.obj
c:\users\mmarti205\desktop\coursework\coursework\coursework\debug\cpyramid.obj
c:\users\mmarti205\desktop\coursework\coursework\coursework\debug\cshapes.obj
c:\users\mmarti205\desktop\coursework\coursework\coursework\debug\csound.obj
c:\users\mmarti205\desktop\coursework\coursework\coursework\debug\csoundmgr.obj
c:\users\mmarti205\desktop\coursework\coursework\coursework\debug\csphere.obj
c:\users\mmarti205\desktop\coursework\coursework\coursework\debug\cstarfield.obj
c:\users\mmarti205\desktop\coursework\coursework\coursework\debug\ctexture.obj
c:\users\mmarti205\desktop\coursework\coursework\coursework\debug\ctriangle.obj
c:\users\mmarti205\desktop\coursework\coursework\coursework\debug\cwndmanager.obj
c:\users\mmarti205\desktop\coursework\coursework\coursework\debug\gameconstants.obj
c:\users\mmarti205\desktop\coursework\coursework\coursework\debug\studentmain.obj
c:\users\mmarti205\desktop\coursework\coursework\coursework\debug\tardiswarsgame.obj
c:\users\mmarti205\desktop\coursework\coursework\coursework\debug\windowogl.obj
c:\users\mmarti205\desktop\coursework\coursework\coursework\debug\vc120.idb
c:\users\mmarti205\desktop\coursework\coursework\coursework\debug\vc120.pdb
c:\users\mmarti205\desktop\coursework\coursework\debug\coursework.pdb
c:\users\mmarti205\desktop\coursework\coursework\debug\coursework.exe
c:\users\mmarti205\desktop\coursework\coursework\debug\coursework.ilk
c:\users\mmarti205\desktop\coursework\coursework\coursework\debug\coursework.tlog\cl.command.1.tlog
c:\users\mmarti205\desktop\coursework\coursework\coursework\debug\coursework.tlog\cl.read.1.tlog
c:\users\mmarti205\desktop\coursework\coursework\coursework\debug\coursework.tlog\cl.write.1.tlog
c:\users\mmarti205\desktop\coursework\coursework\coursework\debug\coursework.tlog\link.command.1.tlog
c:\users\mmarti205\desktop\coursework\coursework\coursework\debug\coursework.tlog\link.read.1.tlog
c:\users\mmarti205\desktop\coursework\coursework\coursework\debug\coursework.tlog\link.write.1.tlog
